<?xml version="1.0" encoding="UTF-8"?>
<!-- Generated by org.testng.reporters.JUnitReportReporter -->
<testsuite ignored="0" hostname="DESKTOP-BSE0LTD" failures="0" tests="18" name="com.Testng.Adactin.Testng_Runner" time="0.155" errors="0" timestamp="01 Oct 2021 09:28:14 GMT" skipped="0">
  <testcase classname="com.Testng.Adactin.Testng_Runner" name="getChild" time="0.010"/>
  <testcase classname="com.Testng.Adactin.Testng_Runner" name="getFirstName" time="0.003"/>
  <testcase classname="com.Testng.Adactin.Testng_Runner" name="getLastName" time="0.003"/>
  <testcase classname="com.Testng.Adactin.Testng_Runner" name="getUrl" time="0.013"/>
  <testcase classname="com.Testng.Adactin.Testng_Runner" name="getRoomNo" time="0.003"/>
  <testcase classname="com.Testng.Adactin.Testng_Runner" name="getRoomType" time="0.003"/>
  <testcase classname="com.Testng.Adactin.Testng_Runner" name="getYear" time="0.003"/>
  <testcase classname="com.Testng.Adactin.Testng_Runner" name="getCard" time="0.005"/>
  <testcase classname="com.Testng.Adactin.Testng_Runner" name="getAddress" time="0.007"/>
  <testcase classname="com.Testng.Adactin.Testng_Runner" name="getAdult" time="0.016"/>
  <testcase classname="com.Testng.Adactin.Testng_Runner" name="getLocation" time="0.002"/>
  <testcase classname="com.Testng.Adactin.Testng_Runner" name="getUsername" time="0.006"/>
  <testcase classname="com.Testng.Adactin.Testng_Runner" name="getBrowser" time="0.047"/>
  <testcase classname="com.Testng.Adactin.Testng_Runner" name="getCCv" time="0.003"/>
  <testcase classname="com.Testng.Adactin.Testng_Runner" name="getCCNum" time="0.021"/>
  <testcase classname="com.Testng.Adactin.Testng_Runner" name="getMonth" time="0.003"/>
  <testcase classname="com.Testng.Adactin.Testng_Runner" name="getPassword" time="0.003"/>
  <testcase classname="com.Testng.Adactin.Testng_Runner" name="getHotel" time="0.004"/>
</testsuite> <!-- com.Testng.Adactin.Testng_Runner -->
