<?xml version="1.0" encoding="UTF-8"?>
<!-- Generated by org.testng.reporters.JUnitReportReporter -->
<testsuite ignored="0" hostname="DESKTOP-BSE0LTD" failures="0" tests="4" name="com.Testng.Adactin.TestNg_Demo_Runner" time="9.534" errors="0" timestamp="04 Oct 2021 07:54:21 GMT" skipped="0">
  <testcase classname="com.Testng.Adactin.TestNg_Demo_Runner" name="username" time="0.388"/>
  <testcase classname="com.Testng.Adactin.TestNg_Demo_Runner" name="launch_Url" time="5.289"/>
  <testcase classname="com.Testng.Adactin.TestNg_Demo_Runner" name="login" time="3.274"/>
  <testcase classname="com.Testng.Adactin.TestNg_Demo_Runner" name="password" time="0.583"/>
</testsuite> <!-- com.Testng.Adactin.TestNg_Demo_Runner -->
